{"logTime": "0923/184309", "correlationVector":"UZfWNslyH1lGqAma9DAuR+.1","action":"SyncServerConnectionManagerRequest", "result":"SYNC_SERVER_OK", "context":{"environment":"Prod_SoutheastAsia_000j", "migrationStage":"NotStarted", "server":"GENERAL0300002X"}}
{"logTime": "0923/184310", "correlationVector":"w1ueXLM1otHhkmun1fX56y","action":"SyncServerConnectionManagerRequest", "result":"SYNC_SERVER_OK", "context":{"environment":"", "migrationStage":"", "server":""}}
{"logTime": "0923/184310", "correlationVector":"UZfWNslyH1lGqAma9DAuR+","action":"Initial GetUpdates", "result":"", "context":Reason: NEW_CLIENT. cV=UZfWNslyH1lGqAma9DAuR+}
{"logTime": "0923/184310", "correlationVector":"UZfWNslyH1lGqAma9DAuR+.2","action":"GetUpdates Response", "result":"Success", "context":Received 1 update(s). cV=UZfWNslyH1lGqAma9DAuR+.0;server=GENERAL0300002X;cloudType=Consumer;environment=Prod_SoutheastAsia_000j;migrationStage=NotStarted}
{"logTime": "0923/184310", "correlationVector":"LO8ypwaBUC6S1emticUlYv","action":"Initial GetUpdates", "result":"", "context":Reason: NEWLY_SUPPORTED_DATATYPE. cV=LO8ypwaBUC6S1emticUlYv}
{"logTime": "0923/184311", "correlationVector":"LO8ypwaBUC6S1emticUlYv.1","action":"SyncServerConnectionManagerRequest", "result":"SYNC_SERVER_OK", "context":{"environment":"Prod_SoutheastAsia_000j", "migrationStage":"NotStarted", "server":"GENERAL0300000H"}}
{"logTime": "0923/184311", "correlationVector":"LO8ypwaBUC6S1emticUlYv.2","action":"GetUpdates", "result":"DeleteReceived", "context":{"id":"ca8444b9-a199-4664-8bd8-ec2c7ee118f1", "isDeleted:":"true", "version":"1706531023334"}}
{"logTime": "0923/184311", "correlationVector":"LO8ypwaBUC6S1emticUlYv.3","action":"GetUpdates", "result":"DeleteReceived", "context":{"id":"bb290156-e3e4-46f1-8283-6e8b6ec7b8a1", "isDeleted:":"true", "version":"1724665209067"}}
{"logTime": "0923/184311", "correlationVector":"LO8ypwaBUC6S1emticUlYv.4","action":"GetUpdates Response", "result":"Success", "context":Received 96 update(s). cV=LO8ypwaBUC6S1emticUlYv.0;server=GENERAL0300000H;cloudType=Consumer;environment=Prod_SoutheastAsia_000j;migrationStage=NotStarted}
{"logTime": "0923/184311", "correlationVector":"lQsJu9R1DUxtsDFdmJius5","action":"Initial GetUpdates", "result":"", "context":Reason: NEWLY_SUPPORTED_DATATYPE. cV=lQsJu9R1DUxtsDFdmJius5}
{"logTime": "0923/184311", "correlationVector":"lQsJu9R1DUxtsDFdmJius5.1","action":"SyncServerConnectionManagerRequest", "result":"SYNC_SERVER_OK", "context":{"environment":"Prod_SoutheastAsia_000j", "migrationStage":"NotStarted", "server":"GENERAL01000013"}}
{"logTime": "0923/184311", "correlationVector":"lQsJu9R1DUxtsDFdmJius5.2","action":"GetUpdates Response", "result":"Success", "context":Received 9 update(s). cV=lQsJu9R1DUxtsDFdmJius5.0;server=GENERAL01000013;cloudType=Consumer;environment=Prod_SoutheastAsia_000j;migrationStage=NotStarted}
{"logTime": "0923/184311", "correlationVector":"A1J0o+Lv98dvao+t6zjliE","action":"Initial GetUpdates", "result":"", "context":Reason: NEWLY_SUPPORTED_DATATYPE. cV=A1J0o+Lv98dvao+t6zjliE}
{"logTime": "0923/184312", "correlationVector":"A1J0o+Lv98dvao+t6zjliE.1","action":"SyncServerConnectionManagerRequest", "result":"SYNC_SERVER_OK", "context":{"environment":"Prod_SoutheastAsia_000j", "migrationStage":"NotStarted", "server":"GENERAL0100000Z"}}
{"logTime": "0923/184312", "correlationVector":"A1J0o+Lv98dvao+t6zjliE.2","action":"GetUpdates", "result":"DeleteReceived", "context":{"id":"e45312be-e983-4c71-8307-c30f8ed10b82", "isDeleted:":"true", "version":"1719837346308"}}
{"logTime": "0923/184312", "correlationVector":"A1J0o+Lv98dvao+t6zjliE.3","action":"GetUpdates", "result":"DeleteReceived", "context":{"id":"a45b577d-2059-456d-bb3b-c64e51378a2e", "isDeleted:":"true", "version":"1720551660361"}}
{"logTime": "0923/184312", "correlationVector":"A1J0o+Lv98dvao+t6zjliE.4","action":"GetUpdates", "result":"DeleteReceived", "context":{"id":"04e05080-acea-40d9-b410-e6697c74ff6f", "isDeleted:":"true", "version":"1720551660362"}}
{"logTime": "0923/184312", "correlationVector":"A1J0o+Lv98dvao+t6zjliE.5","action":"GetUpdates", "result":"DeleteReceived", "context":{"id":"5be09b5e-4c3a-47c0-b704-4e1cca7a75dd", "isDeleted:":"true", "version":"1720596487201"}}
{"logTime": "0923/184312", "correlationVector":"A1J0o+Lv98dvao+t6zjliE.6","action":"GetUpdates", "result":"DeleteReceived", "context":{"id":"ae1456fa-b536-46b1-aeb0-8b8c010ba8da", "isDeleted:":"true", "version":"1720764602286"}}
{"logTime": "0923/184312", "correlationVector":"A1J0o+Lv98dvao+t6zjliE.7","action":"GetUpdates", "result":"DeleteReceived", "context":{"id":"aa9c94b6-f958-45c7-951b-905b82631f4d", "isDeleted:":"true", "version":"1720764602287"}}
{"logTime": "0923/184312", "correlationVector":"A1J0o+Lv98dvao+t6zjliE.8","action":"GetUpdates", "result":"DeleteReceived", "context":{"id":"37ab3096-6ad9-4215-9cf7-d993c5e704cc", "isDeleted:":"true", "version":"1720780481634"}}
{"logTime": "0923/184312", "correlationVector":"A1J0o+Lv98dvao+t6zjliE.9","action":"GetUpdates", "result":"DeleteReceived", "context":{"id":"136f35aa-7909-4ef7-9414-0887b74734c2", "isDeleted:":"true", "version":"1720780481636"}}
{"logTime": "0923/184312", "correlationVector":"A1J0o+Lv98dvao+t6zjliE.10","action":"GetUpdates", "result":"DeleteReceived", "context":{"id":"b51bb718-3e1f-4eb5-a964-ffc32a24f7ea", "isDeleted:":"true", "version":"1720780481637"}}
{"logTime": "0923/184312", "correlationVector":"A1J0o+Lv98dvao+t6zjliE.11","action":"GetUpdates", "result":"DeleteReceived", "context":{"id":"9aabdac0-1553-4b21-8401-3c91bd056d7b", "isDeleted:":"true", "version":"1721409499371"}}
{"logTime": "0923/184312", "correlationVector":"A1J0o+Lv98dvao+t6zjliE.12","action":"GetUpdates", "result":"DeleteReceived", "context":{"id":"ef54ba24-4813-4534-a5c0-3b80286c90b5", "isDeleted:":"true", "version":"1722395563618"}}
{"logTime": "0923/184312", "correlationVector":"A1J0o+Lv98dvao+t6zjliE.13","action":"GetUpdates", "result":"DeleteReceived", "context":{"id":"bcb0ac14-09d0-4828-8892-e7e66bae8340", "isDeleted:":"true", "version":"1722395563619"}}
{"logTime": "0923/184312", "correlationVector":"A1J0o+Lv98dvao+t6zjliE.14","action":"GetUpdates", "result":"DeleteReceived", "context":{"id":"c96a3229-f9b7-427d-b2eb-d344dbfe9369", "isDeleted:":"true", "version":"1722396006992"}}
{"logTime": "0923/184312", "correlationVector":"A1J0o+Lv98dvao+t6zjliE.15","action":"GetUpdates", "result":"DeleteReceived", "context":{"id":"ec02ce76-4819-4490-a151-6d430bd7ae46", "isDeleted:":"true", "version":"1722596910286"}}
{"logTime": "0923/184312", "correlationVector":"A1J0o+Lv98dvao+t6zjliE.16","action":"GetUpdates", "result":"DeleteReceived", "context":{"id":"0626f29c-2fd3-47dd-98aa-31608bda8e67", "isDeleted:":"true", "version":"1722598373706"}}
{"logTime": "0923/184312", "correlationVector":"A1J0o+Lv98dvao+t6zjliE.17","action":"GetUpdates", "result":"DeleteReceived", "context":{"id":"0edf7cb7-a8d3-4057-841c-4fa552984c9f", "isDeleted:":"true", "version":"1722598373707"}}
{"logTime": "0923/184312", "correlationVector":"A1J0o+Lv98dvao+t6zjliE.18","action":"GetUpdates", "result":"DeleteReceived", "context":{"id":"e20ea1c6-3ebe-487c-9a6c-d009a9cc9ee5", "isDeleted:":"true", "version":"1722598373708"}}
{"logTime": "0923/184312", "correlationVector":"A1J0o+Lv98dvao+t6zjliE.19","action":"GetUpdates", "result":"DeleteReceived", "context":{"id":"2a59ff0f-6fa7-4640-b603-07bdc5099f1a", "isDeleted:":"true", "version":"1722679286086"}}
{"logTime": "0923/184312", "correlationVector":"A1J0o+Lv98dvao+t6zjliE.20","action":"GetUpdates", "result":"DeleteReceived", "context":{"id":"51c6a209-ae94-4b9c-9872-1af6fa493740", "isDeleted:":"true", "version":"1722942218223"}}
{"logTime": "0923/184312", "correlationVector":"A1J0o+Lv98dvao+t6zjliE.21","action":"GetUpdates", "result":"DeleteReceived", "context":{"id":"db96fe49-225a-4f42-b3dd-74af3d51d5bb", "isDeleted:":"true", "version":"1722961903420"}}
{"logTime": "0923/184312", "correlationVector":"A1J0o+Lv98dvao+t6zjliE.22","action":"GetUpdates", "result":"DeleteReceived", "context":{"id":"3acf7b02-4132-4771-8232-0d6264e1d00d", "isDeleted:":"true", "version":"1722969922412"}}
{"logTime": "0923/184312", "correlationVector":"A1J0o+Lv98dvao+t6zjliE.23","action":"GetUpdates", "result":"DeleteReceived", "context":{"id":"aa1db31b-84e1-4782-a240-b5c88f10d9f5", "isDeleted:":"true", "version":"1723192603564"}}
{"logTime": "0923/184312", "correlationVector":"A1J0o+Lv98dvao+t6zjliE.24","action":"GetUpdates", "result":"DeleteReceived", "context":{"id":"39a49bb1-d0fd-44c8-9e06-86ed07346595", "isDeleted:":"true", "version":"1723197962666"}}
{"logTime": "0923/184312", "correlationVector":"A1J0o+Lv98dvao+t6zjliE.25","action":"GetUpdates", "result":"DeleteReceived", "context":{"id":"7a1399a0-8f2a-4f31-a671-f18239137df5", "isDeleted:":"true", "version":"1723197962668"}}
{"logTime": "0923/184312", "correlationVector":"A1J0o+Lv98dvao+t6zjliE.26","action":"GetUpdates", "result":"DeleteReceived", "context":{"id":"553957ea-50d1-4a80-9293-119247de227b", "isDeleted:":"true", "version":"1723483627212"}}
{"logTime": "0923/184312", "correlationVector":"A1J0o+Lv98dvao+t6zjliE.27","action":"GetUpdates", "result":"DeleteReceived", "context":{"id":"205d6fba-9220-45fb-af59-9a108c72882f", "isDeleted:":"true", "version":"1724665931106"}}
{"logTime": "0923/184312", "correlationVector":"A1J0o+Lv98dvao+t6zjliE.28","action":"GetUpdates", "result":"DeleteReceived", "context":{"id":"2dbb2a0a-0318-4617-94b0-a13eb7ea1924", "isDeleted:":"true", "version":"1724667098471"}}
{"logTime": "0923/184312", "correlationVector":"A1J0o+Lv98dvao+t6zjliE.29","action":"GetUpdates", "result":"DeleteReceived", "context":{"id":"424b86f2-4c8f-457e-9057-62a5a3cb3ba6", "isDeleted:":"true", "version":"1724667314167"}}
{"logTime": "0923/184312", "correlationVector":"A1J0o+Lv98dvao+t6zjliE.30","action":"GetUpdates", "result":"DeleteReceived", "context":{"id":"6f2f5d88-1f10-47c0-a6a6-08e2fd9a6070", "isDeleted:":"true", "version":"1724667314168"}}
{"logTime": "0923/184312", "correlationVector":"A1J0o+Lv98dvao+t6zjliE.31","action":"GetUpdates", "result":"DeleteReceived", "context":{"id":"7d3d1092-2869-4156-8d8b-af68af7f3fb6", "isDeleted:":"true", "version":"1724779283049"}}
{"logTime": "0923/184312", "correlationVector":"A1J0o+Lv98dvao+t6zjliE.32","action":"GetUpdates", "result":"DeleteReceived", "context":{"id":"e3324f57-ce93-4dc0-a96e-12170a3c2fe6", "isDeleted:":"true", "version":"1724779283050"}}
{"logTime": "0923/184312", "correlationVector":"A1J0o+Lv98dvao+t6zjliE.33","action":"GetUpdates", "result":"DeleteReceived", "context":{"id":"8b9333cb-2330-4dc7-9430-19db06a1b15b", "isDeleted:":"true", "version":"1724830251277"}}
{"logTime": "0923/184312", "correlationVector":"A1J0o+Lv98dvao+t6zjliE.34","action":"GetUpdates Response", "result":"Success", "context":Received 75 update(s). cV=A1J0o+Lv98dvao+t6zjliE.0;server=GENERAL0100000Z;cloudType=Consumer;environment=Prod_SoutheastAsia_000j;migrationStage=NotStarted}
{"logTime": "0923/184312", "correlationVector":"GqBV0ASdyFOTgVa95qCni7","action":"Normal GetUpdate request", "result":"", "context":cV=GqBV0ASdyFOTgVa95qCni7
Nudged types: Sessions, Device Info, User Consents
Refresh requested types: Bookmarks, Preferences, Passwords, Autofill Profiles, Autofill, Typed URLs, Extensions, Sessions, Extension settings, History Delete Directives, Device Info, User Consents, Send Tab To Self, Web Apps, Collection, Edge E Drop, Edge Hub App Usage, Edge Tab Group, Edge Wallet, Encryption Keys}
{"logTime": "0923/184312", "correlationVector":"GqBV0ASdyFOTgVa95qCni7.1","action":"SyncServerConnectionManagerRequest", "result":"SYNC_SERVER_OK", "context":{"environment":"Prod_SoutheastAsia_000j", "migrationStage":"NotStarted", "server":"GENERAL03000012"}}
{"logTime": "0923/184312", "correlationVector":"GqBV0ASdyFOTgVa95qCni7.2","action":"GetUpdates Response", "result":"Success", "context":Received 0 update(s). cV=GqBV0ASdyFOTgVa95qCni7.0;server=GENERAL03000012;cloudType=Consumer;environment=Prod_SoutheastAsia_000j;migrationStage=NotStarted}
{"logTime": "0923/184312", "correlationVector":"vIMXX104ZKW603EYzoih1F","action":"DoCompareDataConsistency requsted types: ", "result":"Bookmarks, Preferences, Passwords, Typed URLs, Extensions, Extension settings, History Delete Directives, Send Tab To Self, Web Apps, Collection, Edge E Drop, Edge Tab Group, Edge Wallet, Encryption Keys"}
{"logTime": "0923/184312", "correlationVector":"vIMXX104ZKW603EYzoih1F.0","action":"CompareDataConsistency result: ", "result":"Compare result: Encryption Keys is consistent. local entities count is: 1 local entities hash is: H000kfBwO38BLoDJuyLRASKOT1Y="}
{"logTime": "0923/184312", "correlationVector":"vIMXX104ZKW603EYzoih1F.1","action":"CompareDataConsistency result: ", "result":"Compare result: Bookmarks is consistent. local entities count is: 7 local entities hash is: dy42Gykvr4I56IL5P2Q8RDa6rgg="}
{"logTime": "0923/184312", "correlationVector":"vIMXX104ZKW603EYzoih1F.2","action":"CompareDataConsistency result: ", "result":"Compare result: Preferences is consistent. local entities count is: 66 local entities hash is: 4VgOxuVkUnGnEXDMhcyIPKaqlzQ="}
{"logTime": "0923/184312", "correlationVector":"vIMXX104ZKW603EYzoih1F.3","action":"CompareDataConsistency result: ", "result":"Server did not send this Typed URLs local entities count is: 0 local entities hash is: "}
{"logTime": "0923/184312", "correlationVector":"vIMXX104ZKW603EYzoih1F.4","action":"CompareDataConsistency result: ", "result":"Compare result: Extensions is consistent. local entities count is: 1 local entities hash is: 0SHiJep0Fz+k0+SJyha7FmX+oGo="}
{"logTime": "0923/184312", "correlationVector":"vIMXX104ZKW603EYzoih1F.5","action":"CompareDataConsistency result: ", "result":"Compare result: Extension settings is consistent. local entities count is: 2 local entities hash is: 0lr4vO8P1KLofXCdDKpuYEsU+88="}
{"logTime": "0923/184312", "correlationVector":"vIMXX104ZKW603EYzoih1F.6","action":"CompareDataConsistency result: ", "result":"Compare result: History Delete Directives is consistent. local entities count is: 0 local entities hash is: "}
{"logTime": "0923/184312", "correlationVector":"vIMXX104ZKW603EYzoih1F.7","action":"CompareDataConsistency result: ", "result":"Server did not send this Send Tab To Self local entities count is: 0 local entities hash is: "}
{"logTime": "0923/184312", "correlationVector":"vIMXX104ZKW603EYzoih1F.8","action":"CompareDataConsistency result: ", "result":"Compare result: Web Apps is consistent. local entities count is: 0 local entities hash is: "}
{"logTime": "0923/184312", "correlationVector":"vIMXX104ZKW603EYzoih1F.9","action":"CompareDataConsistency result: ", "result":"Compare result: Collection is consistent. local entities count is: 0 local entities hash is: "}
{"logTime": "0923/184312", "correlationVector":"vIMXX104ZKW603EYzoih1F.10","action":"CompareDataConsistency result: ", "result":"Compare result: Edge E Drop is consistent. local entities count is: 0 local entities hash is: "}
{"logTime": "0923/184312", "correlationVector":"vIMXX104ZKW603EYzoih1F.11","action":"CompareDataConsistency result: ", "result":"Compare result: Edge Tab Group is consistent. local entities count is: 0 local entities hash is: "}
{"logTime": "0923/184312", "correlationVector":"vIMXX104ZKW603EYzoih1F.12","action":"CompareDataConsistency result: ", "result":"Compare result: Edge Wallet is consistent. local entities count is: 0 local entities hash is: "}
{"logTime": "0923/184312", "correlationVector":"vIMXX104ZKW603EYzoih1F.13","action":"CompareDataConsistency result: ", "result":"Compare result: Passwords is consistent. local entities count is: 27 local entities hash is: ihsoR8VGQPQoJ+OuzHhPnlFAFtc="}
{"logTime": "0923/184312", "correlationVector":"S5iEDOVLjhnEs449kBX4bR","action":"Commit Request", "result":"", "context":Item count: 5
Contributing types: Sessions, Device Info, User Consents}
{"logTime": "0923/184313", "correlationVector":"S5iEDOVLjhnEs449kBX4bR.1","action":"SyncServerConnectionManagerRequest", "result":"SYNC_SERVER_OK", "context":{"environment":"Prod_SoutheastAsia_000j", "migrationStage":"NotStarted", "server":"GENERAL0100001B"}}
{"logTime": "0923/184313", "correlationVector":"S5iEDOVLjhnEs449kBX4bR.2","action":"Commit Response", "result":"Success", "context":Result: Success. cV=S5iEDOVLjhnEs449kBX4bR.0;server=GENERAL0100001B;cloudType=Consumer;environment=Prod_SoutheastAsia_000j;migrationStage=NotStarted}
{"logTime": "0923/184313", "correlationVector":"","action":"DIAGNOSTIC_REQUEST|v1/diagnosticData/Diagnostic.SendCheckResult()|SUCCESS", "result":""}
{"logTime": "0923/184313", "correlationVector":"Ax6ppPAe94vL9dDjoRB7Bx","action":"Normal GetUpdate request", "result":"", "context":cV=Ax6ppPAe94vL9dDjoRB7Bx
Nudged types: Sessions, Device Info}
{"logTime": "0923/184313", "correlationVector":"Ax6ppPAe94vL9dDjoRB7Bx.1","action":"SyncServerConnectionManagerRequest", "result":"SYNC_SERVER_OK", "context":{"environment":"Prod_SoutheastAsia_000j", "migrationStage":"NotStarted", "server":"GENERAL0300002E"}}
{"logTime": "0923/184313", "correlationVector":"Ax6ppPAe94vL9dDjoRB7Bx.2","action":"GetUpdates Response", "result":"Success", "context":Received 3 update(s). cV=Ax6ppPAe94vL9dDjoRB7Bx.0;server=GENERAL0300002E;cloudType=Consumer;environment=Prod_SoutheastAsia_000j;migrationStage=NotStarted}
{"logTime": "0923/184313", "correlationVector":"zLg//O9P/rZbqhdWPWZ0Yk","action":"Commit Request", "result":"", "context":Item count: 1
Contributing types: Sessions}
{"logTime": "0923/184313", "correlationVector":"zLg//O9P/rZbqhdWPWZ0Yk.1","action":"SyncServerConnectionManagerRequest", "result":"SYNC_SERVER_OK", "context":{"environment":"Prod_SoutheastAsia_000j", "migrationStage":"NotStarted", "server":"GENERAL03000018"}}
{"logTime": "0923/184313", "correlationVector":"zLg//O9P/rZbqhdWPWZ0Yk.2","action":"Commit Response", "result":"Success", "context":Result: Success. cV=zLg//O9P/rZbqhdWPWZ0Yk.0;server=GENERAL03000018;cloudType=Consumer;environment=Prod_SoutheastAsia_000j;migrationStage=NotStarted}
